  [1m[35m (178.8ms)[0m  [1m[35mCREATE DATABASE "housing_hw_project_development" ENCODING = 'unicode'[0m
  [1m[35m (84.2ms)[0m  [1m[35mCREATE DATABASE "housing_hw_project_test" ENCODING = 'unicode'[0m
  [1m[35m (228.4ms)[0m  [1m[35mCREATE DATABASE "housing_hw_project_development" ENCODING = 'utf8'[0m
  [1m[35m (121.4ms)[0m  [1m[35mCREATE DATABASE "housing_hw_project_test" ENCODING = 'utf8'[0m
  [1m[35m (7.8ms)[0m  [1m[35mCREATE TABLE "schema_migrations" ("version" character varying NOT NULL PRIMARY KEY)[0m
  [1m[35m (2.6ms)[0m  [1m[35mCREATE TABLE "ar_internal_metadata" ("key" character varying NOT NULL PRIMARY KEY, "value" character varying, "created_at" timestamp(6) NOT NULL, "updated_at" timestamp(6) NOT NULL)[0m
  [1m[35m (0.2ms)[0m  [1m[34mSELECT pg_try_advisory_lock(3535175393347545990)[0m
  [1m[36mActiveRecord::SchemaMigration Pluck (0.5ms)[0m  [1m[34mSELECT "schema_migrations"."version" FROM "schema_migrations" ORDER BY "schema_migrations"."version" ASC[0m
Migrating to People (20230727050834)
  [1m[36mTRANSACTION (0.1ms)[0m  [1m[35mBEGIN[0m
  [1m[35m (3.6ms)[0m  [1m[35mCREATE TABLE "people" ("id" bigserial primary key, "name" character varying NOT NULL, "house_id" integer NOT NULL, "created_at" timestamp(6) NOT NULL, "updated_at" timestamp(6) NOT NULL)[0m
  [1m[35m (3.7ms)[0m  [1m[35mCREATE INDEX "index_people_on_house_id_and_name" ON "people" ("house_id", "name")[0m
  [1m[36mActiveRecord::SchemaMigration Create (0.4ms)[0m  [1m[32mINSERT INTO "schema_migrations" ("version") VALUES ($1) RETURNING "version"[0m  [["version", "20230727050834"]]
  [1m[36mTRANSACTION (0.4ms)[0m  [1m[35mCOMMIT[0m
Migrating to MakeHouses (20230727051802)
  [1m[35m (0.2ms)[0m  [1m[34mSELECT pg_advisory_unlock(3535175393347545990)[0m
  [1m[35m (0.1ms)[0m  [1m[34mSELECT pg_try_advisory_lock(3535175393347545990)[0m
  [1m[36mActiveRecord::SchemaMigration Pluck (0.6ms)[0m  [1m[34mSELECT "schema_migrations"."version" FROM "schema_migrations" ORDER BY "schema_migrations"."version" ASC[0m
Migrating to MakeHouses (20230727051802)
  [1m[36mTRANSACTION (0.2ms)[0m  [1m[35mBEGIN[0m
  [1m[35m (4.9ms)[0m  [1m[35mCREATE TABLE "houses" ("id" bigserial primary key, "address" character varying NOT NULL, "created_at" timestamp(6) NOT NULL, "updated_at" timestamp(6) NOT NULL)[0m
  [1m[36mActiveRecord::SchemaMigration Create (1.9ms)[0m  [1m[32mINSERT INTO "schema_migrations" ("version") VALUES ($1) RETURNING "version"[0m  [["version", "20230727051802"]]
  [1m[36mTRANSACTION (1.0ms)[0m  [1m[35mCOMMIT[0m
  [1m[36mActiveRecord::InternalMetadata Load (0.4ms)[0m  [1m[34mSELECT "ar_internal_metadata".* FROM "ar_internal_metadata" WHERE "ar_internal_metadata"."key" = $1 LIMIT $2[0m  [["key", "environment"], ["LIMIT", 1]]
  [1m[36mTRANSACTION (0.1ms)[0m  [1m[35mBEGIN[0m
  [1m[36mActiveRecord::InternalMetadata Create (0.5ms)[0m  [1m[32mINSERT INTO "ar_internal_metadata" ("key", "value", "created_at", "updated_at") VALUES ($1, $2, $3, $4) RETURNING "key"[0m  [["key", "environment"], ["value", "development"], ["created_at", "2023-07-27 05:26:43.570412"], ["updated_at", "2023-07-27 05:26:43.570412"]]
  [1m[36mTRANSACTION (0.4ms)[0m  [1m[35mCOMMIT[0m
  [1m[35m (0.2ms)[0m  [1m[34mSELECT pg_advisory_unlock(3535175393347545990)[0m
  [1m[36mActiveRecord::SchemaMigration Pluck (0.6ms)[0m  [1m[34mSELECT "schema_migrations"."version" FROM "schema_migrations" ORDER BY "schema_migrations"."version" ASC[0m
  [1m[36mTRANSACTION (0.2ms)[0m  [1m[35mBEGIN[0m
  [1m[36mHouse Create (2.8ms)[0m  [1m[32mINSERT INTO "houses" ("address", "created_at", "updated_at") VALUES ($1, $2, $3) RETURNING "id"[0m  [["address", "308 Negra Arroyo Lane"], ["created_at", "2023-07-27 05:49:46.775672"], ["updated_at", "2023-07-27 05:49:46.775672"]]
  [1m[36mTRANSACTION (1.3ms)[0m  [1m[35mCOMMIT[0m
  [1m[36mTRANSACTION (0.1ms)[0m  [1m[35mBEGIN[0m
  [1m[36mHouse Load (0.3ms)[0m  [1m[34mSELECT "houses".* FROM "houses" WHERE "houses"."id" = $1 LIMIT $2[0m  [["id", 1], ["LIMIT", 1]]
  [1m[36mPerson Create (2.0ms)[0m  [1m[32mINSERT INTO "people" ("name", "house_id", "created_at", "updated_at") VALUES ($1, $2, $3, $4) RETURNING "id"[0m  [["name", "Walter White"], ["house_id", 1], ["created_at", "2023-07-27 05:50:41.729183"], ["updated_at", "2023-07-27 05:50:41.729183"]]
  [1m[36mTRANSACTION (0.5ms)[0m  [1m[35mCOMMIT[0m
  [1m[36mPerson Load (0.4ms)[0m  [1m[34mSELECT "people".* FROM "people" ORDER BY "people"."id" ASC LIMIT $1[0m  [["LIMIT", 1]]
  [1m[36mHouse Load (0.3ms)[0m  [1m[34mSELECT "houses".* FROM "houses" WHERE "houses"."id" = $1 LIMIT $2[0m  [["id", 1], ["LIMIT", 1]]
  [1m[36mPerson Load (0.3ms)[0m  [1m[34mSELECT "people".* FROM "people" ORDER BY "people"."id" DESC LIMIT $1[0m  [["LIMIT", 1]]
  [1m[36mHouse Load (0.2ms)[0m  [1m[34mSELECT "houses".* FROM "houses" WHERE "houses"."id" = $1 LIMIT $2[0m  [["id", 1], ["LIMIT", 1]]
  [1m[36mHouse Load (0.3ms)[0m  [1m[34mSELECT "houses".* FROM "houses" ORDER BY "houses"."id" ASC LIMIT $1[0m  [["LIMIT", 1]]
  [1m[36mPerson Load (1.7ms)[0m  [1m[34mSELECT "people".* FROM "people" WHERE "people"."house_id" = $1[0m  [["house_id", 1]]
  [1m[36mTRANSACTION (0.1ms)[0m  [1m[35mBEGIN[0m
  ↳ app/models/person.rb:11:in `<top (required)>'
  [1m[36mHouse Create (0.6ms)[0m  [1m[32mINSERT INTO "houses" ("address", "created_at", "updated_at") VALUES ($1, $2, $3) RETURNING "id"[0m  [["address", "308 Negra Arroyo Lane"], ["created_at", "2023-07-27 05:54:39.058081"], ["updated_at", "2023-07-27 05:54:39.058081"]]
  ↳ app/models/person.rb:11:in `<top (required)>'
  [1m[36mTRANSACTION (0.6ms)[0m  [1m[35mCOMMIT[0m
  ↳ app/models/person.rb:11:in `<top (required)>'
  [1m[36mTRANSACTION (0.1ms)[0m  [1m[35mBEGIN[0m
  ↳ app/models/person.rb:14:in `<top (required)>'
  [1m[36mHouse Load (0.3ms)[0m  [1m[34mSELECT "houses".* FROM "houses" WHERE "houses"."id" = $1 LIMIT $2[0m  [["id", 2], ["LIMIT", 1]]
  ↳ app/models/person.rb:14:in `<top (required)>'
  [1m[36mPerson Create (0.3ms)[0m  [1m[32mINSERT INTO "people" ("name", "house_id", "created_at", "updated_at") VALUES ($1, $2, $3, $4) RETURNING "id"[0m  [["name", "Walter White"], ["house_id", 2], ["created_at", "2023-07-27 05:54:39.091025"], ["updated_at", "2023-07-27 05:54:39.091025"]]
  ↳ app/models/person.rb:14:in `<top (required)>'
  [1m[36mTRANSACTION (0.3ms)[0m  [1m[35mCOMMIT[0m
  ↳ app/models/person.rb:14:in `<top (required)>'
  [1m[36mPerson Load (0.3ms)[0m  [1m[34mSELECT "people".* FROM "people" ORDER BY "people"."id" ASC LIMIT $1[0m  [["LIMIT", 1]]
  ↳ app/models/person.rb:16:in `<top (required)>'
  [1m[36mHouse Load (0.2ms)[0m  [1m[34mSELECT "houses".* FROM "houses" WHERE "houses"."id" = $1 LIMIT $2[0m  [["id", 1], ["LIMIT", 1]]
  ↳ app/models/person.rb:16:in `<top (required)>'
  [1m[36mHouse Load (0.2ms)[0m  [1m[34mSELECT "houses".* FROM "houses" ORDER BY "houses"."id" ASC LIMIT $1[0m  [["LIMIT", 1]]
  ↳ app/models/person.rb:17:in `<top (required)>'
  [1m[36mActiveRecord::SchemaMigration Pluck (0.5ms)[0m  [1m[34mSELECT "schema_migrations"."version" FROM "schema_migrations" ORDER BY "schema_migrations"."version" ASC[0m
  [1m[36mTRANSACTION (0.1ms)[0m  [1m[35mBEGIN[0m
  [1m[36mHouse Create (0.5ms)[0m  [1m[32mINSERT INTO "houses" ("address", "created_at", "updated_at") VALUES ($1, $2, $3) RETURNING "id"[0m  [["address", "308 Negra Arroyo Lane"], ["created_at", "2023-07-27 05:58:47.518214"], ["updated_at", "2023-07-27 05:58:47.518214"]]
  [1m[36mTRANSACTION (1.2ms)[0m  [1m[35mCOMMIT[0m
  [1m[36mTRANSACTION (0.2ms)[0m  [1m[35mBEGIN[0m
  [1m[36mHouse Load (0.3ms)[0m  [1m[34mSELECT "houses".* FROM "houses" WHERE "houses"."id" = $1 LIMIT $2[0m  [["id", 3], ["LIMIT", 1]]
  [1m[36mPerson Create (0.5ms)[0m  [1m[32mINSERT INTO "people" ("name", "house_id", "created_at", "updated_at") VALUES ($1, $2, $3, $4) RETURNING "id"[0m  [["name", "Walter White"], ["house_id", 3], ["created_at", "2023-07-27 05:58:47.549159"], ["updated_at", "2023-07-27 05:58:47.549159"]]
  [1m[36mTRANSACTION (0.3ms)[0m  [1m[35mCOMMIT[0m
  [1m[36mPerson Load (0.4ms)[0m  [1m[34mSELECT "people".* FROM "people" ORDER BY "people"."id" ASC LIMIT $1[0m  [["LIMIT", 1]]
  [1m[36mHouse Load (0.2ms)[0m  [1m[34mSELECT "houses".* FROM "houses" WHERE "houses"."id" = $1 LIMIT $2[0m  [["id", 1], ["LIMIT", 1]]
  [1m[36mHouse Load (0.2ms)[0m  [1m[34mSELECT "houses".* FROM "houses" ORDER BY "houses"."id" ASC LIMIT $1[0m  [["LIMIT", 1]]
  [1m[36mPerson Load (0.3ms)[0m  [1m[34mSELECT "people".* FROM "people" WHERE "people"."house_id" = $1[0m  [["house_id", 1]]
  [1m[36mPerson Load (0.4ms)[0m  [1m[34mSELECT "people".* FROM "people"[0m
  [1m[36mPerson Load (0.3ms)[0m  [1m[34mSELECT "people".* FROM "people"[0m
  [1m[36mHouse Load (0.3ms)[0m  [1m[34mSELECT "houses".* FROM "houses"[0m
  [1m[36mHouse Load (0.3ms)[0m  [1m[34mSELECT "houses".* FROM "houses" WHERE "houses"."id" = $1 LIMIT $2[0m  [["id", 1], ["LIMIT", 1]]
